  main.cpp
d:\profiles\njp2424\desktop\physics\level7\physics-sphere-triangle-3d-mastervs2019\spheretriangle3d\main.cpp(264): warning C4244: '=': conversion from 'double' to 'T', possible loss of data
          with
          [
              T=float
          ]
d:\profiles\njp2424\desktop\physics\level7\physics-sphere-triangle-3d-mastervs2019\spheretriangle3d\main.cpp(265): warning C4244: '=': conversion from 'double' to 'T', possible loss of data
          with
          [
              T=float
          ]
d:\profiles\njp2424\desktop\physics\level7\physics-sphere-triangle-3d-mastervs2019\spheretriangle3d\main.cpp(266): warning C4244: '=': conversion from 'double' to 'T', possible loss of data
          with
          [
              T=float
          ]
d:\profiles\njp2424\desktop\physics\level7\physics-sphere-triangle-3d-mastervs2019\spheretriangle3d\main.cpp(272): warning C4244: '=': conversion from 'double' to 'T', possible loss of data
          with
          [
              T=float
          ]
d:\profiles\njp2424\desktop\physics\level7\physics-sphere-triangle-3d-mastervs2019\spheretriangle3d\main.cpp(273): warning C4244: '=': conversion from 'double' to 'T', possible loss of data
          with
          [
              T=float
          ]
d:\profiles\njp2424\desktop\physics\level7\physics-sphere-triangle-3d-mastervs2019\spheretriangle3d\main.cpp(274): warning C4244: '=': conversion from 'double' to 'T', possible loss of data
          with
          [
              T=float
          ]
d:\profiles\njp2424\desktop\physics\level7\physics-sphere-triangle-3d-mastervs2019\spheretriangle3d\main.cpp(280): warning C4244: '=': conversion from 'double' to 'T', possible loss of data
          with
          [
              T=float
          ]
d:\profiles\njp2424\desktop\physics\level7\physics-sphere-triangle-3d-mastervs2019\spheretriangle3d\main.cpp(281): warning C4244: '=': conversion from 'double' to 'T', possible loss of data
          with
          [
              T=float
          ]
d:\profiles\njp2424\desktop\physics\level7\physics-sphere-triangle-3d-mastervs2019\spheretriangle3d\main.cpp(282): warning C4244: '=': conversion from 'double' to 'T', possible loss of data
          with
          [
              T=float
          ]
d:\profiles\njp2424\desktop\physics\level7\physics-sphere-triangle-3d-mastervs2019\spheretriangle3d\main.cpp(288): warning C4244: '=': conversion from 'double' to 'T', possible loss of data
          with
          [
              T=float
          ]
d:\profiles\njp2424\desktop\physics\level7\physics-sphere-triangle-3d-mastervs2019\spheretriangle3d\main.cpp(289): warning C4244: '=': conversion from 'double' to 'T', possible loss of data
          with
          [
              T=float
          ]
d:\profiles\njp2424\desktop\physics\level7\physics-sphere-triangle-3d-mastervs2019\spheretriangle3d\main.cpp(290): warning C4244: '=': conversion from 'double' to 'T', possible loss of data
          with
          [
              T=float
          ]
d:\profiles\njp2424\desktop\physics\level7\physics-sphere-triangle-3d-mastervs2019\spheretriangle3d\main.cpp(534): warning C4244: '=': conversion from 'double' to 'T', possible loss of data
          with
          [
              T=float
          ]
d:\profiles\njp2424\desktop\physics\level7\physics-sphere-triangle-3d-mastervs2019\spheretriangle3d\main.cpp(535): warning C4244: '=': conversion from 'double' to 'T', possible loss of data
          with
          [
              T=float
          ]
d:\profiles\njp2424\desktop\physics\level7\physics-sphere-triangle-3d-mastervs2019\spheretriangle3d\main.cpp(549): warning C4244: 'argument': conversion from 'double' to 'GLclampf', possible loss of data
d:\profiles\njp2424\desktop\physics\level7\physics-sphere-triangle-3d-mastervs2019\spheretriangle3d\main.cpp(646): warning C4326: return type of 'main' should be 'int' instead of 'void'
  SphereTriangle3D.vcxproj -> D:\Profiles\njp2424\Desktop\Physics\level7\physics-sphere-triangle-3D-masterVS2019\SphereTriangle3D\Debug\SphereTriangle3D.exe
